<?xml version="1.0" encoding="UTF-8"?>
<testsuite xmlns:xsi="http://www.w3.org/2001/XMLSchema-instance" xsi:noNamespaceSchemaLocation="https://maven.apache.org/surefire/maven-surefire-plugin/xsd/surefire-test-report-3.0.xsd" version="3.0" name="neuralnetwork.HiddenNeuronARLUTest" time="0.008" tests="6" errors="0" skipped="0" failures="0">
  <properties>
[...]
</properties>
  <testcase name="calcSumNeg" classname="neuralnetwork.HiddenNeuronARLUTest" time="0.001"/>
  <testcase name="calcSumPos" classname="neuralnetwork.HiddenNeuronARLUTest" time="0.001"/>
  <testcase name="calcActivationDirectNeg" classname="neuralnetwork.HiddenNeuronARLUTest" time="0.001"/>
  <testcase name="calcActivationDirectPos" classname="neuralnetwork.HiddenNeuronARLUTest" time="0"/>
  <testcase name="calcActivationIndirectNeg" classname="neuralnetwork.HiddenNeuronARLUTest" time="0.001"/>
  <testcase name="calcActivationIndirectPos" classname="neuralnetwork.HiddenNeuronARLUTest" time="0.001"/>
</testsuite>